[089月2024 17:04:14.921] [main/INFO] [cpw.mods.modlauncher.Launcher/MODLAUNCHER]: ModLauncher running: args [--launchTarget, forgeclientuserdev, --version, 21.0.162, --assetIndex, asset-index, --assetsDir, E:\.gradle\caches\minecraft\assets, --gameDir, ., --fml.neoForgeVersion, 21.0.162, --fml.fmlVersion, 4.0.23, --fml.mcVersion, 1.21, --fml.neoFormVersion, 20240613.152323]
[089月2024 17:04:14.924] [main/INFO] [cpw.mods.modlauncher.Launcher/MODLAUNCHER]: JVM identified as Oracle Corporation OpenJDK 64-Bit Server VM 21.0.2+13-58
[089月2024 17:04:14.926] [main/INFO] [cpw.mods.modlauncher.Launcher/MODLAUNCHER]: ModLauncher 11.0.4+main.d2e20e43 starting: java version 21.0.2 by Oracle Corporation; OS Windows 10 arch amd64 version 10.0
[089月2024 17:04:15.117] [main/INFO] [net.neoforged.fml.loading.ImmediateWindowHandler/]: Loading ImmediateWindowProvider fmlearlywindow
[089月2024 17:04:15.302] [main/INFO] [EARLYDISPLAY/]: Trying GL version 4.6
[089月2024 17:04:15.381] [main/INFO] [EARLYDISPLAY/]: Requested GL version 4.6 got version 4.6
[089月2024 17:04:15.514] [main/INFO] [mixin/]: SpongePowered MIXIN Subsystem Version=0.8.6 Source=union:/E:/.gradle/caches/modules-2/files-2.1/net.fabricmc/sponge-mixin/0.14.0+mixin.0.8.6/c265173c84346e9e5d42a2384b2b02bd39a4a899/sponge-mixin-0.14.0+mixin.0.8.6.jar%23136!/ Service=ModLauncher Env=CLIENT
[089月2024 17:04:15.774] [pool-2-thread-1/INFO] [EARLYDISPLAY/]: GL info: Intel(R) HD Graphics 630 GL version 4.6.0 - Build 31.0.101.2121, Intel
[089月2024 17:04:15.827] [main/INFO] [net.neoforged.fml.loading.moddiscovery.ModDiscoverer/SCAN]: Found mod file "neoforge-21.0.162.jar" [locator: neoforge devenv provider ([D:\MinecraftNeoForgeMod\DampReborn\.gradle\repositories\ng_dummy_ng\net\neoforged\neoforge\21.0.162\neoforge-21.0.162.jar])]
[089月2024 17:04:15.865] [main/INFO] [net.neoforged.fml.loading.moddiscovery.ModDiscoverer/SCAN]: Found mod file "neoforge-21.0.162.jar" [locator: neoforge devenv provider ([D:\MinecraftNeoForgeMod\DampReborn\.gradle\repositories\ng_dummy_ng\net\neoforged\neoforge\21.0.162\neoforge-21.0.162.jar])]
[089月2024 17:04:15.890] [main/INFO] [net.neoforged.fml.loading.moddiscovery.ModDiscoverer/SCAN]: Found mod file "main" [locator: userdev mods and services, reader: mod manifest]
[089月2024 17:04:15.909] [main/INFO] [net.neoforged.fml.loading.moddiscovery.ModDiscoverer/SCAN]: Found mod file "neoforge-21.0.162.jar" [locator: userdev mods and services, reader: mod manifest]
[089月2024 17:04:15.981] [main/INFO] [net.neoforged.fml.loading.moddiscovery.ModDiscoverer/SCAN]: Found gamelibrary file "mixinextras-neoforge-0.3.5.jar" [locator: userdev mods and services, reader: mod manifest]
[089月2024 17:04:16.333] [main/WARN] [net.neoforged.jarjar.selection.JarSelector/]: Attempted to select a dependency jar for JarJar which was passed in as source: mixinextras-neoforge-0.3.5.jar. Using Mod File: E:\.gradle\caches\modules-2\files-2.1\io.github.llamalad7\mixinextras-neoforge\0.3.5\ef3ffcf309dae656517b2f120189b1c9b21737dd\mixinextras-neoforge-0.3.5.jar
[089月2024 17:04:16.333] [main/INFO] [net.neoforged.fml.loading.moddiscovery.locators.JarInJarDependencyLocator/]: No dependencies to load found. Skipping!
[089月2024 17:04:16.651] [main/INFO] [net.neoforged.fml.loading.FMLServiceProvider/CORE]: Loading coremod script-engine for [neoforge]
[089月2024 17:04:17.768] [main/INFO] [cpw.mods.modlauncher.LaunchServiceHandler/MODLAUNCHER]: Launching target 'forgeclientuserdev' with arguments [--version, 21.0.162, --gameDir, ., --assetsDir, E:\.gradle\caches\minecraft\assets, --assetIndex, asset-index]
[089月2024 17:04:17.833] [main/WARN] [mixin/]: Reference map 'dr.refmap.json' for dr.mixins.json could not be read. If this is a development environment you can ignore this message
[089月2024 17:04:20.105] [Datafixer Bootstrap/INFO] [com.mojang.datafixers.DataFixerBuilder/]: 229 Datafixer optimizations took 565 milliseconds
[089月2024 17:04:20.236] [pool-7-thread-1/INFO] [MixinExtras|Service/]: Initializing MixinExtras via com.llamalad7.mixinextras.service.MixinExtrasServiceImpl(version=0.3.5).
[089月2024 17:04:28.608] [main/WARN] [net.minecraft.commands.Commands/]: Ambiguity between arguments [teleport, location] and [teleport, destination] with inputs: [0.1 -0.5 .9, 0 0 0]
[089月2024 17:04:28.610] [main/WARN] [net.minecraft.commands.Commands/]: Ambiguity between arguments [teleport, location] and [teleport, targets] with inputs: [0.1 -0.5 .9, 0 0 0]
[089月2024 17:04:28.616] [main/WARN] [net.minecraft.commands.Commands/]: Ambiguity between arguments [teleport, destination] and [teleport, targets] with inputs: [Player, 0123, @e, dd12be42-52a9-4a91-a8a1-11c01849e498]
[089月2024 17:04:28.617] [main/WARN] [net.minecraft.commands.Commands/]: Ambiguity between arguments [teleport, targets] and [teleport, destination] with inputs: [Player, 0123, dd12be42-52a9-4a91-a8a1-11c01849e498]
[089月2024 17:04:28.619] [main/WARN] [net.minecraft.commands.Commands/]: Ambiguity between arguments [teleport, targets, location] and [teleport, targets, destination] with inputs: [0.1 -0.5 .9, 0 0 0]
[089月2024 17:04:28.818] [Render thread/WARN] [net.minecraft.server.packs.VanillaPackResourcesBuilder/]: Assets URL 'union:/D:/MinecraftNeoForgeMod/DampReborn/.gradle/repositories/ng_dummy_ng/net/neoforged/neoforge/21.0.162/neoforge-21.0.162.jar%23189!/assets/.mcassetsroot' uses unexpected schema
[089月2024 17:04:28.819] [Render thread/WARN] [net.minecraft.server.packs.VanillaPackResourcesBuilder/]: Assets URL 'union:/D:/MinecraftNeoForgeMod/DampReborn/.gradle/repositories/ng_dummy_ng/net/neoforged/neoforge/21.0.162/neoforge-21.0.162.jar%23189!/data/.mcassetsroot' uses unexpected schema
[089月2024 17:04:28.863] [Render thread/INFO] [com.mojang.authlib.yggdrasil.YggdrasilAuthenticationService/]: Environment: Environment[sessionHost=https://sessionserver.mojang.com, servicesHost=https://api.minecraftservices.com, name=PROD]
[089月2024 17:04:28.883] [Render thread/INFO] [net.minecraft.client.Minecraft/]: Setting user: Dev
[089月2024 17:04:29.007] [Render thread/INFO] [net.minecraft.client.Minecraft/]: Backend library: LWJGL version 3.3.3+5
[089月2024 17:04:29.335] [modloading-worker-0/INFO] [net.neoforged.neoforge.common.NeoForgeMod/NEOFORGE-MOD]: NeoForge mod loading, version 21.0.162, for MC 1.21
[089月2024 17:04:30.489] [Render thread/INFO] [net.neoforged.neoforge.gametest.GameTestHooks/]: Enabled Gametest Namespaces: []
[089月2024 17:04:30.745] [Render thread/INFO] [net.minecraft.server.packs.resources.ReloadableResourceManager/]: Reloading ResourceManager: vanilla, mod_resources, mod/neoforge, mod/dr
[089月2024 17:04:30.980] [Worker-Main-2/INFO] [net.minecraft.client.gui.font.providers.UnihexProvider/]: Found unifont_all_no_pua-15.1.05.hex, loading
[089月2024 17:04:31.299] [Worker-Main-3/INFO] [net.minecraft.client.gui.font.providers.UnihexProvider/]: Found unifont_jp_patch-15.1.05.hex, loading
[089月2024 17:04:33.242] [Render thread/WARN] [net.minecraft.client.sounds.SoundEngine/]: Missing sound for event: minecraft:item.goat_horn.play
[089月2024 17:04:33.242] [Render thread/WARN] [net.minecraft.client.sounds.SoundEngine/]: Missing sound for event: minecraft:entity.goat.screaming.horn_break
[089月2024 17:04:33.387] [Render thread/INFO] [com.mojang.blaze3d.audio.Library/]: OpenAL initialized on device OpenAL Soft on 扬声器 (Realtek High Definition Audio)
[089月2024 17:04:33.388] [Render thread/INFO] [net.minecraft.client.sounds.SoundEngine/SOUNDS]: Sound engine started
[089月2024 17:04:33.616] [Render thread/INFO] [net.minecraft.client.renderer.texture.TextureAtlas/]: Created: 1024x512x4 minecraft:textures/atlas/blocks.png-atlas
[089月2024 17:04:33.754] [Render thread/INFO] [net.minecraft.client.renderer.texture.TextureAtlas/]: Created: 256x256x4 minecraft:textures/atlas/signs.png-atlas
[089月2024 17:04:33.757] [Render thread/INFO] [net.minecraft.client.renderer.texture.TextureAtlas/]: Created: 512x512x4 minecraft:textures/atlas/shield_patterns.png-atlas
[089月2024 17:04:33.763] [Render thread/INFO] [net.minecraft.client.renderer.texture.TextureAtlas/]: Created: 512x512x4 minecraft:textures/atlas/banner_patterns.png-atlas
[089月2024 17:04:33.768] [Render thread/INFO] [net.minecraft.client.renderer.texture.TextureAtlas/]: Created: 1024x1024x4 minecraft:textures/atlas/armor_trims.png-atlas
[089月2024 17:04:33.815] [Render thread/INFO] [net.minecraft.client.renderer.texture.TextureAtlas/]: Created: 128x64x4 minecraft:textures/atlas/decorated_pot.png-atlas
[089月2024 17:04:33.818] [Render thread/INFO] [net.minecraft.client.renderer.texture.TextureAtlas/]: Created: 256x256x4 minecraft:textures/atlas/chest.png-atlas
[089月2024 17:04:33.819] [Render thread/INFO] [net.minecraft.client.renderer.texture.TextureAtlas/]: Created: 512x256x4 minecraft:textures/atlas/shulker_boxes.png-atlas
[089月2024 17:04:33.821] [Render thread/INFO] [net.minecraft.client.renderer.texture.TextureAtlas/]: Created: 512x256x4 minecraft:textures/atlas/beds.png-atlas
[089月2024 17:04:34.096] [Render thread/INFO] [net.minecraft.client.renderer.texture.TextureAtlas/]: Created: 512x256x0 minecraft:textures/atlas/particles.png-atlas
[089月2024 17:04:34.113] [Render thread/INFO] [net.minecraft.client.renderer.texture.TextureAtlas/]: Created: 512x256x0 minecraft:textures/atlas/paintings.png-atlas
[089月2024 17:04:34.116] [Render thread/INFO] [net.minecraft.client.renderer.texture.TextureAtlas/]: Created: 256x128x0 minecraft:textures/atlas/mob_effects.png-atlas
[089月2024 17:04:34.119] [Render thread/INFO] [net.minecraft.client.renderer.texture.TextureAtlas/]: Created: 64x64x0 minecraft:textures/atlas/map_decorations.png-atlas
[089月2024 17:04:34.121] [Render thread/INFO] [net.minecraft.client.renderer.texture.TextureAtlas/]: Created: 1024x512x0 minecraft:textures/atlas/gui.png-atlas
[089月2024 17:04:34.532] [Render thread/WARN] [net.minecraft.client.renderer.ShaderInstance/]: Shader rendertype_entity_translucent_emissive could not find sampler named Sampler2 in the specified shader program.
[089月2024 17:09:18.106] [Render thread/INFO] [net.minecraft.world.item.crafting.RecipeManager/]: Loaded 1290 recipes
[089月2024 17:09:18.385] [Render thread/INFO] [net.minecraft.advancements.AdvancementTree/]: Loaded 1399 advancements
[089月2024 17:09:20.641] [Server thread/INFO] [net.minecraft.client.server.IntegratedServer/]: Starting integrated minecraft server version 1.21
[089月2024 17:09:20.642] [Server thread/INFO] [net.minecraft.server.MinecraftServer/]: Generating keypair
[089月2024 17:09:24.891] [Server thread/INFO] [net.minecraft.server.MinecraftServer/]: Preparing start region for dimension minecraft:overworld
[089月2024 17:09:24.922] [progressListener/INFO] [net.minecraft.server.level.progress.LoggerChunkProgressListener/]: Preparing spawn area: 2%
[089月2024 17:09:25.581] [progressListener/INFO] [net.minecraft.server.level.progress.LoggerChunkProgressListener/]: Preparing spawn area: 2%
[089月2024 17:09:25.962] [progressListener/INFO] [net.minecraft.server.level.progress.LoggerChunkProgressListener/]: Preparing spawn area: 2%
[089月2024 17:09:26.410] [progressListener/INFO] [net.minecraft.server.level.progress.LoggerChunkProgressListener/]: Preparing spawn area: 2%
[089月2024 17:09:26.907] [progressListener/INFO] [net.minecraft.server.level.progress.LoggerChunkProgressListener/]: Preparing spawn area: 8%
[089月2024 17:09:27.414] [progressListener/INFO] [net.minecraft.server.level.progress.LoggerChunkProgressListener/]: Preparing spawn area: 18%
[089月2024 17:09:27.916] [progressListener/INFO] [net.minecraft.server.level.progress.LoggerChunkProgressListener/]: Preparing spawn area: 18%
[089月2024 17:09:28.425] [progressListener/INFO] [net.minecraft.server.level.progress.LoggerChunkProgressListener/]: Preparing spawn area: 51%
[089月2024 17:09:28.941] [progressListener/INFO] [net.minecraft.server.level.progress.LoggerChunkProgressListener/]: Preparing spawn area: 51%
[089月2024 17:09:29.406] [progressListener/INFO] [net.minecraft.server.level.progress.LoggerChunkProgressListener/]: Preparing spawn area: 51%
[089月2024 17:09:29.868] [Server thread/INFO] [net.neoforged.neoforge.server.permission.PermissionAPI/]: Successfully initialized permission handler neoforge:default_handler
[089月2024 17:09:29.869] [Server thread/WARN] [net.neoforged.neoforge.common.TagConventionLogWarning/]: 
   Dev warning - Legacy Tags detected. Please migrate your 'forge' namespace tags to the 'c' namespace! See net.neoforged.neoforge.common.Tags.java for all tags.
   NOTE: Many tags have been moved around or renamed. Some new ones were added so please review the new tags.
    And make sure you follow tag conventions for new tags! The convention is `c` with nouns generally being plural and adjectives being singular.
   You can disable this message in NeoForge's common config by setting `logLegacyTagWarnings` to "SILENCED" or see individual tags with "DEV_VERBOSE".

[089月2024 17:09:29.873] [progressListener/INFO] [net.minecraft.server.level.progress.LoggerChunkProgressListener/]: Time elapsed: 4969 ms
[089月2024 17:09:29.924] [Server thread/INFO] [net.minecraft.client.server.IntegratedServer/]: Changing view distance to 12, from 10
[089月2024 17:09:29.925] [Server thread/INFO] [net.minecraft.client.server.IntegratedServer/]: Changing simulation distance to 12, from 0
[089月2024 17:09:31.361] [Server thread/INFO] [net.minecraft.server.players.PlayerList/]: Dev[local:E:83aabbea] logged in with entity id 45 at (-6.5, 64.0, -3.5)
[089月2024 17:09:31.524] [Server thread/INFO] [net.minecraft.server.MinecraftServer/]: Dev joined the game
[089月2024 17:09:31.688] [Render thread/INFO] [net.minecraft.advancements.AdvancementTree/]: Loaded 2 advancements
[089月2024 17:09:32.301] [Server thread/INFO] [net.minecraft.client.server.IntegratedServer/]: Saving and pausing game...
[089月2024 17:09:32.574] [Server thread/INFO] [net.minecraft.server.MinecraftServer/]: Saving chunks for level 'ServerLevel[New World]'/minecraft:overworld
[089月2024 17:09:32.738] [Server thread/INFO] [net.minecraft.server.MinecraftServer/]: Saving chunks for level 'ServerLevel[New World]'/minecraft:the_end
[089月2024 17:09:32.919] [Server thread/INFO] [net.minecraft.server.MinecraftServer/]: Saving chunks for level 'ServerLevel[New World]'/minecraft:the_nether
[089月2024 17:09:55.845] [Server thread/INFO] [net.minecraft.server.MinecraftServer/]: [Dev: Set own game mode to Creative Mode]
[089月2024 17:09:55.928] [Render thread/INFO] [net.minecraft.client.gui.components.ChatComponent/]: [System] [CHAT] Set own game mode to Creative Mode
[089月2024 17:09:56.919] [Server thread/WARN] [net.minecraft.server.MinecraftServer/]: Can't keep up! Is the server overloaded? Running 2098ms or 41 ticks behind
[089月2024 17:10:11.011] [Server thread/INFO] [net.minecraft.server.MinecraftServer/]: [Dev: Summoned new Creeper]
[089月2024 17:10:11.256] [Render thread/INFO] [net.minecraft.client.gui.components.ChatComponent/]: [System] [CHAT] Summoned new Creeper
[089月2024 17:10:19.810] [Render thread/WARN] [net.minecraft.client.sounds.SoundEngine/SOUNDS]: Unable to play empty soundEvent: minecraft:entity.salmon.ambient
[089月2024 17:10:20.851] [Server thread/INFO] [net.minecraft.server.MinecraftServer/]: [Dev: Summoned new Creeper]
[089月2024 17:10:20.861] [Render thread/INFO] [net.minecraft.client.gui.components.ChatComponent/]: [System] [CHAT] Summoned new Creeper
[089月2024 17:10:22.721] [Server thread/INFO] [net.minecraft.client.server.IntegratedServer/]: Saving and pausing game...
[089月2024 17:10:22.886] [Server thread/INFO] [net.minecraft.server.MinecraftServer/]: Saving chunks for level 'ServerLevel[New World]'/minecraft:overworld
[089月2024 17:10:23.278] [Server thread/INFO] [net.minecraft.server.MinecraftServer/]: Saving chunks for level 'ServerLevel[New World]'/minecraft:the_end
[089月2024 17:10:23.621] [Server thread/INFO] [net.minecraft.server.MinecraftServer/]: Saving chunks for level 'ServerLevel[New World]'/minecraft:the_nether
[089月2024 17:10:38.993] [Render thread/INFO] [net.minecraft.advancements.AdvancementTree/]: Loaded 11 advancements
[089月2024 17:10:44.683] [Server thread/INFO] [net.minecraft.server.MinecraftServer/]: [Dev: Set own game mode to Survival Mode]
[089月2024 17:10:44.694] [Render thread/INFO] [net.minecraft.client.gui.components.ChatComponent/]: [System] [CHAT] Set own game mode to Survival Mode
[089月2024 17:11:13.911] [Server thread/INFO] [net.minecraft.server.MinecraftServer/]: [Dev: Summoned new Creeper]
[089月2024 17:11:13.927] [Render thread/INFO] [net.minecraft.client.gui.components.ChatComponent/]: [System] [CHAT] Summoned new Creeper
[089月2024 17:11:56.597] [Server thread/INFO] [net.minecraft.server.MinecraftServer/]: [Dev: Summoned new Creeper]
[089月2024 17:11:56.612] [Render thread/INFO] [net.minecraft.client.gui.components.ChatComponent/]: [System] [CHAT] Summoned new Creeper
[089月2024 17:12:49.093] [Render thread/INFO] [net.minecraft.advancements.AdvancementTree/]: Loaded 14 advancements
[089月2024 17:12:49.943] [Render thread/INFO] [net.minecraft.advancements.AdvancementTree/]: Loaded 32 advancements
[089月2024 17:12:53.144] [Server thread/INFO] [net.minecraft.server.MinecraftServer/]: [Dev: Summoned new Creeper]
[089月2024 17:12:53.145] [Render thread/INFO] [net.minecraft.client.gui.components.ChatComponent/]: [System] [CHAT] Summoned new Creeper
[089月2024 17:12:54.783] [Server thread/INFO] [net.minecraft.server.MinecraftServer/]: Dev was blown up by Creeper
[089月2024 17:12:54.797] [Render thread/INFO] [net.minecraft.client.gui.components.ChatComponent/]: [System] [CHAT] Dev was blown up by Creeper
[089月2024 17:12:54.843] [Render thread/INFO] [net.minecraft.advancements.AdvancementTree/]: Loaded 68 advancements
[089月2024 17:12:59.398] [Server thread/INFO] [net.minecraft.server.MinecraftServer/]: [Dev: Set own game mode to Creative Mode]
[089月2024 17:12:59.410] [Render thread/INFO] [net.minecraft.client.gui.components.ChatComponent/]: [System] [CHAT] Set own game mode to Creative Mode
[089月2024 17:13:02.526] [Server thread/INFO] [net.minecraft.server.MinecraftServer/]: [Dev: Summoned new Primed TNT]
[089月2024 17:13:02.542] [Render thread/INFO] [net.minecraft.client.gui.components.ChatComponent/]: [System] [CHAT] Summoned new Primed TNT
[089月2024 17:13:06.374] [Server thread/INFO] [net.minecraft.server.MinecraftServer/]: [Dev: Summoned new Primed TNT]
[089月2024 17:13:06.376] [Render thread/INFO] [net.minecraft.client.gui.components.ChatComponent/]: [System] [CHAT] Summoned new Primed TNT
[089月2024 17:13:10.190] [Server thread/INFO] [net.minecraft.server.MinecraftServer/]: [Dev: Summoned new Primed TNT]
[089月2024 17:13:10.211] [Render thread/INFO] [net.minecraft.client.gui.components.ChatComponent/]: [System] [CHAT] Summoned new Primed TNT
[089月2024 17:13:19.292] [Render thread/INFO] [net.minecraft.advancements.AdvancementTree/]: Loaded 69 advancements
[089月2024 17:14:41.471] [Server thread/INFO] [net.minecraft.client.server.IntegratedServer/]: Saving and pausing game...
[089月2024 17:14:41.504] [Server thread/INFO] [net.minecraft.server.MinecraftServer/]: Saving chunks for level 'ServerLevel[New World]'/minecraft:overworld
[089月2024 17:14:41.649] [Server thread/INFO] [net.minecraft.server.MinecraftServer/]: Saving chunks for level 'ServerLevel[New World]'/minecraft:the_end
[089月2024 17:14:41.921] [Server thread/INFO] [net.minecraft.server.MinecraftServer/]: Saving chunks for level 'ServerLevel[New World]'/minecraft:the_nether
[089月2024 17:14:42.270] [Server thread/INFO] [net.minecraft.server.network.ServerGamePacketListenerImpl/]: Dev lost connection: Disconnected
[089月2024 17:14:42.270] [Server thread/INFO] [net.minecraft.server.MinecraftServer/]: Dev left the game
[089月2024 17:14:42.503] [Server thread/INFO] [net.minecraft.server.network.ServerCommonPacketListenerImpl/]: Stopping singleplayer server as player logged out
[089月2024 17:14:42.519] [Server thread/INFO] [net.minecraft.server.MinecraftServer/]: Stopping server
[089月2024 17:14:42.519] [Server thread/INFO] [net.minecraft.server.MinecraftServer/]: Saving players
[089月2024 17:14:42.520] [Server thread/INFO] [net.minecraft.server.MinecraftServer/]: Saving worlds
[089月2024 17:14:46.640] [Server thread/INFO] [net.minecraft.server.MinecraftServer/]: Saving chunks for level 'ServerLevel[New World]'/minecraft:overworld
[089月2024 17:14:47.410] [Server thread/INFO] [net.minecraft.server.MinecraftServer/]: Saving chunks for level 'ServerLevel[New World]'/minecraft:the_end
[089月2024 17:14:47.441] [Server thread/INFO] [net.minecraft.server.MinecraftServer/]: Saving chunks for level 'ServerLevel[New World]'/minecraft:the_nether
[089月2024 17:14:47.507] [Server thread/INFO] [net.minecraft.server.MinecraftServer/]: ThreadedAnvilChunkStorage (New World): All chunks are saved
[089月2024 17:14:47.507] [Server thread/INFO] [net.minecraft.server.MinecraftServer/]: ThreadedAnvilChunkStorage (DIM1): All chunks are saved
[089月2024 17:14:47.507] [Server thread/INFO] [net.minecraft.server.MinecraftServer/]: ThreadedAnvilChunkStorage (DIM-1): All chunks are saved
[089月2024 17:14:47.507] [Server thread/INFO] [net.minecraft.server.MinecraftServer/]: ThreadedAnvilChunkStorage: All dimensions are saved
[089月2024 17:14:55.752] [Render thread/INFO] [net.minecraft.client.Minecraft/]: Stopping!
